undefined | 2022-12-17 11:00:06 info: URL : /
undefined | 2022-12-17 11:00:06 info: Create a key attempt : q9pIRHLJq1NvP426zN6IuAqfsfq4wIMV
undefined | 2022-12-17 15:53:16 info: URL : /
undefined | 2022-12-17 15:53:16 info: Create a key attempt : Mg-iY_ZS39qtqbL3PYxG5doTAm9HrXkg
undefined | 2022-12-17 16:00:58 info: URL : /
undefined | 2022-12-17 18:15:14 info: URL : /
undefined | 2022-12-17 18:15:14 info: Create a key attempt : l_2C971te1bcHaZZyvng9HrI6YosRGcF
undefined | 2022-12-17 18:16:13 info: URL : /
undefined | 2022-12-17 18:20:02 info: URL : /
undefined | 2022-12-17 18:20:02 info: Create a key attempt : W6UpHwGHklilkdPeFLJBZkiUGfUwgO-W
undefined | 2022-12-17 18:27:22 info: URL : /
undefined | 2022-12-17 18:27:38 info: URL : /
undefined | 2022-12-17 18:29:37 info: URL : /
undefined | 2022-12-17 18:29:37 info: Create a key attempt : cxdd-bjE73EvGVBA1eMSU8U0i7ciiIAS
undefined | 2022-12-17 18:31:09 info: URL : /
undefined | 2022-12-17 18:31:33 info: URL : /
undefined | 2022-12-17 18:32:20 info: URL : /
undefined | 2022-12-17 18:35:15 info: URL : /
undefined | 2022-12-17 18:35:23 info: URL : /
undefined | 2022-12-17 18:36:02 info: URL : /
undefined | 2022-12-17 18:36:02 info: Create a key attempt : 7xTVrh2HNngrKA0b-SMdJpGqpr5VtSIo
undefined | 2022-12-17 18:37:25 info: URL : /
undefined | 2022-12-17 19:19:41 info: URL : /
undefined | 2022-12-17 19:19:41 info: Create a key attempt : 6-y847j7AX0kUtnlQTrstMjoc9zKpm11
undefined | 2022-12-17 19:21:45 info: URL : /
undefined | 2022-12-17 19:21:52 info: URL : /
undefined | 2022-12-17 19:23:11 info: URL : /
undefined | 2022-12-17 19:23:11 info: Create a key attempt : JqrZ8jREmSNHhlWafo_Grt2K6LigR78t
undefined | 2022-12-17 19:24:57 info: URL : /
undefined | 2022-12-17 19:24:57 info: Create a key attempt : 0wACPTRbajIY-oGKUKlt0ozZpQOQfXJo
undefined | 2022-12-17 19:27:59 info: URL : /
undefined | 2022-12-17 19:27:59 info: Create a key attempt : ioXQFDolrN_E_PrEA9wackuLp0bm-0Zm
undefined | 2022-12-17 19:28:11 info: URL : /
undefined | 2022-12-17 19:28:39 info: URL : /
undefined | 2022-12-17 19:32:37 info: URL : /
undefined | 2022-12-17 19:32:41 info: URL : /
undefined | 2022-12-17 19:34:30 info: URL : /
undefined | 2022-12-17 19:34:30 info: Create a key attempt : UHNSuj95Ddgl34VWtqe5aDF3-5BMnTUd
undefined | 2022-12-17 19:35:45 info: URL : /
undefined | 2022-12-17 19:35:48 info: URL : /
undefined | 2022-12-17 19:37:34 info: URL : /
undefined | 2022-12-17 19:41:02 info: URL : /
undefined | 2022-12-17 19:41:09 info: URL : /
undefined | 2022-12-17 19:42:07 info: URL : /
undefined | 2022-12-17 19:44:26 info: URL : /
undefined | 2022-12-17 19:44:35 info: URL : /
undefined | 2022-12-17 19:44:44 info: URL : /
undefined | 2022-12-17 19:50:18 info: URL : /
undefined | 2022-12-17 19:50:18 info: Create a key attempt : 8FFnAdNvhYZxmAKeOaClnYTLOOVRkPaH
undefined | 2022-12-17 19:52:34 info: URL : /
undefined | 2022-12-17 19:52:34 info: Create a key attempt : qClUEJ9kPIaLT3tLwjlio8LDXnbtQMRu
undefined | 2022-12-17 19:52:39 info: URL : /api/user/signin
undefined | 2022-12-17 19:52:39 info: start decryptAll..
undefined | 2022-12-17 19:52:39 info: callProcedureSync start - SP_LOGIN
undefined | 2022-12-17 19:52:39 info: NAME : D_UID, VALUE : admin
undefined | 2022-12-17 19:52:39 info: NAME : D_PASS, VALUE : 1111
undefined | 2022-12-17 19:52:39 info: NAME : D_IP, VALUE : ::1
undefined | 2022-12-17 19:52:39 info: NAME : D_BROWSER, VALUE : Chrome
undefined | 2022-12-17 19:52:39 info: NAME : D_OS, VALUE : Linux
undefined | 2022-12-17 19:52:39 info: NAME : IS_APP, VALUE : Android
undefined | 2022-12-17 19:52:39 info: NAME : CENTER, VALUE :  
undefined | 2022-12-17 19:52:39 info: NAME : sessionID, VALUE : qClUEJ9kPIaLT3tLwjlio8LDXnbtQMRu
undefined | 2022-12-17 19:52:39 info: during time : 146
undefined | 2022-12-17 19:52:39 info: SP_LOGIN callProcedureSync success
undefined | 2022-12-17 19:52:39 info: URL : /main
undefined | 2022-12-17 19:56:36 info: URL : /main
undefined | 2022-12-17 20:32:50 info: URL : /main
undefined | 2022-12-17 20:41:47 info: URL : /
undefined | 2022-12-17 20:41:55 info: URL : /api/user/signin
undefined | 2022-12-17 20:41:55 info: start decryptAll..
undefined | 2022-12-17 20:41:55 info: callProcedureSync start - SP_LOGIN
undefined | 2022-12-17 20:41:55 info: NAME : D_UID, VALUE : admin
undefined | 2022-12-17 20:41:55 info: NAME : D_PASS, VALUE : 1111
undefined | 2022-12-17 20:41:55 info: NAME : D_IP, VALUE : ::1
undefined | 2022-12-17 20:41:55 info: NAME : D_BROWSER, VALUE : Chrome
undefined | 2022-12-17 20:41:55 info: NAME : D_OS, VALUE : Windows NT
undefined | 2022-12-17 20:41:55 info: NAME : IS_APP, VALUE : Chrome
undefined | 2022-12-17 20:41:55 info: NAME : CENTER, VALUE :  
undefined | 2022-12-17 20:41:55 info: NAME : sessionID, VALUE : qClUEJ9kPIaLT3tLwjlio8LDXnbtQMRu
undefined | 2022-12-17 20:41:55 info: during time : 137
undefined | 2022-12-17 20:41:55 info: SP_LOGIN callProcedureSync success
undefined | 2022-12-17 20:41:55 info: URL : /main
undefined | 2022-12-17 20:42:56 info: URL : /main
undefined | 2022-12-17 20:43:01 info: URL : /api/user/signin
undefined | 2022-12-17 20:43:01 info: start decryptAll..
undefined | 2022-12-17 20:43:01 info: callProcedureSync start - SP_LOGIN
undefined | 2022-12-17 20:43:01 info: NAME : D_UID, VALUE : admin
undefined | 2022-12-17 20:43:01 info: NAME : D_PASS, VALUE : 1111
undefined | 2022-12-17 20:43:01 info: NAME : D_IP, VALUE : ::1
undefined | 2022-12-17 20:43:01 info: NAME : D_BROWSER, VALUE : Chrome
undefined | 2022-12-17 20:43:01 info: NAME : D_OS, VALUE : Windows NT
undefined | 2022-12-17 20:43:01 info: NAME : IS_APP, VALUE : Chrome
undefined | 2022-12-17 20:43:01 info: NAME : CENTER, VALUE :  
undefined | 2022-12-17 20:43:01 info: NAME : sessionID, VALUE : qClUEJ9kPIaLT3tLwjlio8LDXnbtQMRu
undefined | 2022-12-17 20:43:01 info: during time : 103
undefined | 2022-12-17 20:43:01 info: SP_LOGIN callProcedureSync success
undefined | 2022-12-17 20:43:01 info: URL : /main
undefined | 2022-12-17 20:50:56 info: URL : /main
undefined | 2022-12-17 20:50:56 info: Create a key attempt : qII23MP68LqFRrrTD4-AWb4A6QG13z5r
undefined | 2022-12-17 20:51:04 info: URL : /
undefined | 2022-12-17 20:51:10 info: URL : /api/user/signin
undefined | 2022-12-17 20:51:10 info: start decryptAll..
undefined | 2022-12-17 20:51:10 info: callProcedureSync start - SP_LOGIN
undefined | 2022-12-17 20:51:10 info: NAME : D_UID, VALUE : admin
undefined | 2022-12-17 20:51:10 info: NAME : D_PASS, VALUE : 1111
undefined | 2022-12-17 20:51:10 info: NAME : D_IP, VALUE : ::1
undefined | 2022-12-17 20:51:10 info: NAME : D_BROWSER, VALUE : Chrome
undefined | 2022-12-17 20:51:10 info: NAME : D_OS, VALUE : Windows NT
undefined | 2022-12-17 20:51:10 info: NAME : IS_APP, VALUE : Chrome
undefined | 2022-12-17 20:51:10 info: NAME : CENTER, VALUE :  
undefined | 2022-12-17 20:51:10 info: NAME : sessionID, VALUE : qII23MP68LqFRrrTD4-AWb4A6QG13z5r
undefined | 2022-12-17 20:51:11 info: during time : 107
undefined | 2022-12-17 20:51:11 info: SP_LOGIN callProcedureSync success
undefined | 2022-12-17 20:51:11 info: URL : /main
undefined | 2022-12-17 20:51:29 info: URL : /api/user/signin
undefined | 2022-12-17 20:51:29 info: Create a key attempt : 5PxGtnOq28CC_3siOvzuW_s35Is0RWny
undefined | 2022-12-17 20:51:29 info: start decryptAll..
undefined | 2022-12-17 20:51:29 info: callProcedureSync start - SP_LOGIN
undefined | 2022-12-17 20:51:29 info: NAME : D_UID, VALUE : admin
undefined | 2022-12-17 20:51:29 info: NAME : D_PASS, VALUE : 1111
undefined | 2022-12-17 20:51:29 info: NAME : D_IP, VALUE : ::1
undefined | 2022-12-17 20:51:29 info: NAME : D_BROWSER, VALUE : Chrome
undefined | 2022-12-17 20:51:29 info: NAME : D_OS, VALUE : Windows NT
undefined | 2022-12-17 20:51:29 info: NAME : IS_APP, VALUE : Chrome
undefined | 2022-12-17 20:51:29 info: NAME : CENTER, VALUE :  
undefined | 2022-12-17 20:51:29 info: NAME : sessionID, VALUE : 5PxGtnOq28CC_3siOvzuW_s35Is0RWny
undefined | 2022-12-17 20:51:29 error: getRequest failed : TypeError: Cannot read properties of null (reading 'request')
undefined | 2022-12-17 20:51:29 info: URL : /api/user/signin
undefined | 2022-12-17 20:51:29 info: Create a key attempt : YUQXdskDbDYZQsqxtSAo38XYDjnQMwpx
undefined | 2022-12-17 20:51:29 info: start decryptAll..
undefined | 2022-12-17 20:51:29 info: callProcedureSync start - SP_LOGIN
undefined | 2022-12-17 20:51:29 info: NAME : D_UID, VALUE : admin
undefined | 2022-12-17 20:51:29 info: NAME : D_PASS, VALUE : 1111
undefined | 2022-12-17 20:51:29 info: NAME : D_IP, VALUE : 127.0.0.1
undefined | 2022-12-17 20:51:29 info: NAME : D_BROWSER, VALUE : Chrome
undefined | 2022-12-17 20:51:29 info: NAME : D_OS, VALUE : Windows NT
undefined | 2022-12-17 20:51:29 info: NAME : IS_APP, VALUE : Chrome
undefined | 2022-12-17 20:51:29 info: NAME : CENTER, VALUE :  
undefined | 2022-12-17 20:51:29 info: NAME : sessionID, VALUE : YUQXdskDbDYZQsqxtSAo38XYDjnQMwpx
undefined | 2022-12-17 20:51:29 error: getRequest failed : TypeError: Cannot read properties of null (reading 'request')
undefined | 2022-12-17 20:51:30 info: URL : /api/user/signin
undefined | 2022-12-17 20:51:30 info: start decryptAll..
undefined | 2022-12-17 20:51:30 info: callProcedureSync start - SP_LOGIN
undefined | 2022-12-17 20:51:30 info: NAME : D_UID, VALUE : admin
undefined | 2022-12-17 20:51:30 info: NAME : D_PASS, VALUE : 1111
undefined | 2022-12-17 20:51:30 info: NAME : D_IP, VALUE : 127.0.0.1
undefined | 2022-12-17 20:51:30 info: NAME : D_BROWSER, VALUE : Chrome
undefined | 2022-12-17 20:51:30 info: NAME : D_OS, VALUE : Windows NT
undefined | 2022-12-17 20:51:30 info: NAME : IS_APP, VALUE : Chrome
undefined | 2022-12-17 20:51:30 info: NAME : CENTER, VALUE :  
undefined | 2022-12-17 20:51:30 info: NAME : sessionID, VALUE : YUQXdskDbDYZQsqxtSAo38XYDjnQMwpx
undefined | 2022-12-17 20:51:30 info: during time : 104
undefined | 2022-12-17 20:51:30 info: SP_LOGIN callProcedureSync success
undefined | 2022-12-17 20:51:31 info: URL : /main
undefined | 2022-12-17 20:51:40 info: URL : /api/user/signin
undefined | 2022-12-17 20:51:40 info: start decryptAll..
undefined | 2022-12-17 20:51:40 info: callProcedureSync start - SP_LOGIN
undefined | 2022-12-17 20:51:40 info: NAME : D_UID, VALUE : admin
undefined | 2022-12-17 20:51:40 info: NAME : D_PASS, VALUE : 1111
undefined | 2022-12-17 20:51:40 info: NAME : D_IP, VALUE : ::1
undefined | 2022-12-17 20:51:40 info: NAME : D_BROWSER, VALUE : Chrome
undefined | 2022-12-17 20:51:40 info: NAME : D_OS, VALUE : Windows NT
undefined | 2022-12-17 20:51:40 info: NAME : IS_APP, VALUE : Chrome
undefined | 2022-12-17 20:51:40 info: NAME : CENTER, VALUE :  
undefined | 2022-12-17 20:51:40 info: NAME : sessionID, VALUE : YUQXdskDbDYZQsqxtSAo38XYDjnQMwpx
undefined | 2022-12-17 20:51:40 info: during time : 44
undefined | 2022-12-17 20:51:40 info: SP_LOGIN callProcedureSync success
undefined | 2022-12-17 20:51:40 info: URL : /main
undefined | 2022-12-17 20:52:17 info: URL : /
undefined | 2022-12-17 20:52:22 info: URL : /api/user/signin
undefined | 2022-12-17 20:52:22 info: start decryptAll..
undefined | 2022-12-17 20:52:22 info: callProcedureSync start - SP_LOGIN
undefined | 2022-12-17 20:52:22 info: NAME : D_UID, VALUE : admin
undefined | 2022-12-17 20:52:22 info: NAME : D_PASS, VALUE : 1111
undefined | 2022-12-17 20:52:22 info: NAME : D_IP, VALUE : ::1
undefined | 2022-12-17 20:52:22 info: NAME : D_BROWSER, VALUE : Chrome
undefined | 2022-12-17 20:52:22 info: NAME : D_OS, VALUE : Windows NT
undefined | 2022-12-17 20:52:22 info: NAME : IS_APP, VALUE : Chrome
undefined | 2022-12-17 20:52:22 info: NAME : CENTER, VALUE :  
undefined | 2022-12-17 20:52:22 info: NAME : sessionID, VALUE : YUQXdskDbDYZQsqxtSAo38XYDjnQMwpx
undefined | 2022-12-17 20:52:22 info: during time : 98
undefined | 2022-12-17 20:52:22 info: SP_LOGIN callProcedureSync success
undefined | 2022-12-17 20:52:22 info: URL : /main
undefined | 2022-12-17 20:57:12 info: URL : /
undefined | 2022-12-17 20:57:12 info: Create a key attempt : QkgPwhFiVrxfAWPgeDcoeIvCU8HZqw6_
undefined | 2022-12-17 20:58:15 info: Create a key attempt : Z02x0TsKh5KdGTkY26prNj0dsAtH0YJk
undefined | 2022-12-17 20:58:17 info: URL : /
undefined | 2022-12-17 20:58:25 info: URL : /api/user/signin
undefined | 2022-12-17 20:58:25 info: start decryptAll..
undefined | 2022-12-17 20:58:25 info: callProcedureSync start - SP_LOGIN
undefined | 2022-12-17 20:58:25 info: NAME : D_UID, VALUE : admin
undefined | 2022-12-17 20:58:25 info: NAME : D_PASS, VALUE : 1111
undefined | 2022-12-17 20:58:25 info: NAME : D_IP, VALUE : ::1
undefined | 2022-12-17 20:58:25 info: NAME : D_BROWSER, VALUE : Chrome
undefined | 2022-12-17 20:58:25 info: NAME : D_OS, VALUE : Windows NT
undefined | 2022-12-17 20:58:25 info: NAME : IS_APP, VALUE : Chrome
undefined | 2022-12-17 20:58:25 info: NAME : CENTER, VALUE :  
undefined | 2022-12-17 20:58:25 info: NAME : sessionID, VALUE : Z02x0TsKh5KdGTkY26prNj0dsAtH0YJk
undefined | 2022-12-17 20:58:25 info: during time : 121
undefined | 2022-12-17 20:58:25 info: SP_LOGIN callProcedureSync success
undefined | 2022-12-17 20:58:25 info: URL : /main
undefined | 2022-12-17 21:07:56 info: URL : /api/user/signin
undefined | 2022-12-17 21:07:56 info: start decryptAll..
undefined | 2022-12-17 21:07:56 info: callProcedureSync start - SP_LOGIN
undefined | 2022-12-17 21:07:56 info: NAME : D_UID, VALUE : admin
undefined | 2022-12-17 21:07:56 info: NAME : D_PASS, VALUE : 1111
undefined | 2022-12-17 21:07:56 info: NAME : D_IP, VALUE : ::1
undefined | 2022-12-17 21:07:56 info: NAME : D_BROWSER, VALUE : Chrome
undefined | 2022-12-17 21:07:56 info: NAME : D_OS, VALUE : Linux
undefined | 2022-12-17 21:07:56 info: NAME : IS_APP, VALUE : Android
undefined | 2022-12-17 21:07:56 info: NAME : CENTER, VALUE :  
undefined | 2022-12-17 21:07:56 info: NAME : sessionID, VALUE : Z02x0TsKh5KdGTkY26prNj0dsAtH0YJk
undefined | 2022-12-17 21:07:56 info: during time : 108
undefined | 2022-12-17 21:07:56 info: SP_LOGIN callProcedureSync success
undefined | 2022-12-17 21:07:56 info: URL : /main
undefined | 2022-12-17 21:12:05 info: URL : /main
undefined | 2022-12-17 21:12:23 info: URL : /api/user/signin
undefined | 2022-12-17 21:12:23 info: start decryptAll..
undefined | 2022-12-17 21:12:23 info: callProcedureSync start - SP_LOGIN
undefined | 2022-12-17 21:12:23 info: NAME : D_UID, VALUE : admin
undefined | 2022-12-17 21:12:23 info: NAME : D_PASS, VALUE : 1111
undefined | 2022-12-17 21:12:23 info: NAME : D_IP, VALUE : ::1
undefined | 2022-12-17 21:12:23 info: NAME : D_BROWSER, VALUE : Chrome
undefined | 2022-12-17 21:12:23 info: NAME : D_OS, VALUE : Windows NT
undefined | 2022-12-17 21:12:23 info: NAME : IS_APP, VALUE : Chrome
undefined | 2022-12-17 21:12:23 info: NAME : CENTER, VALUE :  
undefined | 2022-12-17 21:12:23 info: NAME : sessionID, VALUE : Z02x0TsKh5KdGTkY26prNj0dsAtH0YJk
undefined | 2022-12-17 21:12:23 info: during time : 100
undefined | 2022-12-17 21:12:23 info: SP_LOGIN callProcedureSync success
undefined | 2022-12-17 21:12:23 info: URL : /main
undefined | 2022-12-17 21:12:37 info: URL : /main
undefined | 2022-12-17 21:12:48 info: URL : /api/user/signin
undefined | 2022-12-17 21:12:48 info: start decryptAll..
undefined | 2022-12-17 21:12:48 info: callProcedureSync start - SP_LOGIN
undefined | 2022-12-17 21:12:48 info: NAME : D_UID, VALUE : admin
undefined | 2022-12-17 21:12:48 info: NAME : D_PASS, VALUE : 1111
undefined | 2022-12-17 21:12:48 info: NAME : D_IP, VALUE : ::1
undefined | 2022-12-17 21:12:48 info: NAME : D_BROWSER, VALUE : Chrome
undefined | 2022-12-17 21:12:48 info: NAME : D_OS, VALUE : Windows NT
undefined | 2022-12-17 21:12:48 info: NAME : IS_APP, VALUE : Chrome
undefined | 2022-12-17 21:12:48 info: NAME : CENTER, VALUE :  
undefined | 2022-12-17 21:12:48 info: NAME : sessionID, VALUE : Z02x0TsKh5KdGTkY26prNj0dsAtH0YJk
undefined | 2022-12-17 21:12:48 info: during time : 46
undefined | 2022-12-17 21:12:48 info: SP_LOGIN callProcedureSync success
undefined | 2022-12-17 21:12:48 info: URL : /main
undefined | 2022-12-17 21:14:08 info: URL : /main
undefined | 2022-12-17 21:14:30 info: URL : /main
undefined | 2022-12-17 21:14:33 info: URL : /main
undefined | 2022-12-17 21:14:42 info: URL : /main
undefined | 2022-12-17 21:14:45 info: URL : /main
undefined | 2022-12-17 21:15:16 info: URL : /main
undefined | 2022-12-17 21:15:45 info: URL : /main
undefined | 2022-12-17 21:15:59 info: URL : /main
undefined | 2022-12-17 21:16:06 info: URL : /main
undefined | 2022-12-17 21:16:15 info: URL : /main
undefined | 2022-12-17 21:16:27 info: URL : /main
undefined | 2022-12-17 21:16:27 info: Create a key attempt : NEHjVX4IW4GVAkgbNEnOVNZh62IpXpU-
undefined | 2022-12-17 21:16:29 info: URL : /main
undefined | 2022-12-17 21:16:33 info: URL : /main
undefined | 2022-12-17 21:16:36 info: URL : /
undefined | 2022-12-17 21:16:46 info: URL : /api/user/signin
undefined | 2022-12-17 21:16:46 info: start decryptAll..
undefined | 2022-12-17 21:16:46 info: callProcedureSync start - SP_LOGIN
undefined | 2022-12-17 21:16:46 info: NAME : D_UID, VALUE : admin
undefined | 2022-12-17 21:16:46 info: NAME : D_PASS, VALUE : 1111
undefined | 2022-12-17 21:16:46 info: NAME : D_IP, VALUE : ::1
undefined | 2022-12-17 21:16:46 info: NAME : D_BROWSER, VALUE : Chrome
undefined | 2022-12-17 21:16:46 info: NAME : D_OS, VALUE : Windows NT
undefined | 2022-12-17 21:16:46 info: NAME : IS_APP, VALUE : Chrome
undefined | 2022-12-17 21:16:46 info: NAME : CENTER, VALUE :  
undefined | 2022-12-17 21:16:46 info: NAME : sessionID, VALUE : NEHjVX4IW4GVAkgbNEnOVNZh62IpXpU-
undefined | 2022-12-17 21:16:46 info: during time : 111
undefined | 2022-12-17 21:16:46 info: SP_LOGIN callProcedureSync success
undefined | 2022-12-17 21:16:46 info: URL : /main
undefined | 2022-12-17 21:18:48 info: URL : /api/user/signin
undefined | 2022-12-17 21:18:48 info: start decryptAll..
undefined | 2022-12-17 21:18:48 info: callProcedureSync start - SP_LOGIN
undefined | 2022-12-17 21:18:48 info: NAME : D_UID, VALUE : admin
undefined | 2022-12-17 21:18:48 info: NAME : D_PASS, VALUE : 1111
undefined | 2022-12-17 21:18:48 info: NAME : D_IP, VALUE : ::1
undefined | 2022-12-17 21:18:48 info: NAME : D_BROWSER, VALUE : Chrome
undefined | 2022-12-17 21:18:48 info: NAME : D_OS, VALUE : Windows NT
undefined | 2022-12-17 21:18:48 info: NAME : IS_APP, VALUE : Chrome
undefined | 2022-12-17 21:18:48 info: NAME : CENTER, VALUE :  
undefined | 2022-12-17 21:18:48 info: NAME : sessionID, VALUE : NEHjVX4IW4GVAkgbNEnOVNZh62IpXpU-
undefined | 2022-12-17 21:18:48 info: during time : 97
undefined | 2022-12-17 21:18:48 info: SP_LOGIN callProcedureSync success
undefined | 2022-12-17 21:18:48 info: URL : /main
undefined | 2022-12-17 21:19:17 info: URL : /main
undefined | 2022-12-17 21:24:25 info: URL : /main
undefined | 2022-12-17 21:24:37 info: URL : /main
undefined | 2022-12-17 21:25:55 info: URL : /main
undefined | 2022-12-17 21:25:55 info: Create a key attempt : tote8biCBm3fnY4qRTgzGrvCxYrC5hZA
undefined | 2022-12-17 21:26:06 info: URL : /main
undefined | 2022-12-17 21:26:06 info: Create a key attempt : e1ZL2EnWIMR61jQgU7gqsGABSQJFwGTL
undefined | 2022-12-17 21:26:10 info: URL : /
undefined | 2022-12-17 21:26:15 info: URL : /api/user/signin
undefined | 2022-12-17 21:26:15 info: start decryptAll..
undefined | 2022-12-17 21:26:15 info: callProcedureSync start - SP_LOGIN
undefined | 2022-12-17 21:26:15 info: NAME : D_UID, VALUE : admin
undefined | 2022-12-17 21:26:15 info: NAME : D_PASS, VALUE : 1111
undefined | 2022-12-17 21:26:15 info: NAME : D_IP, VALUE : ::1
undefined | 2022-12-17 21:26:15 info: NAME : D_BROWSER, VALUE : Chrome
undefined | 2022-12-17 21:26:15 info: NAME : D_OS, VALUE : Windows NT
undefined | 2022-12-17 21:26:15 info: NAME : IS_APP, VALUE : Chrome
undefined | 2022-12-17 21:26:15 info: NAME : CENTER, VALUE :  
undefined | 2022-12-17 21:26:15 info: NAME : sessionID, VALUE : e1ZL2EnWIMR61jQgU7gqsGABSQJFwGTL
undefined | 2022-12-17 21:26:15 info: during time : 111
undefined | 2022-12-17 21:26:15 info: SP_LOGIN callProcedureSync success
undefined | 2022-12-17 21:26:15 info: URL : /main
undefined | 2022-12-17 21:26:56 info: URL : /main
undefined | 2022-12-17 21:27:44 info: URL : /main
undefined | 2022-12-17 21:27:44 info: Create a key attempt : a3bK352EIr1RpcfOOL2iYqO1qcMLk2iO
undefined | 2022-12-17 21:27:44 info: URL : /
undefined | 2022-12-17 21:27:44 info: Create a key attempt : bPtu6txn3WE8XMdjE1HfcN4vvxSal4Yq
undefined | 2022-12-17 21:27:45 info: URL : /
undefined | 2022-12-17 21:28:36 info: URL : /api/user/signin
undefined | 2022-12-17 21:28:36 info: start decryptAll..
undefined | 2022-12-17 21:28:37 info: callProcedureSync start - SP_LOGIN
undefined | 2022-12-17 21:28:37 info: NAME : D_UID, VALUE : admin
undefined | 2022-12-17 21:28:37 info: NAME : D_PASS, VALUE : 1111
undefined | 2022-12-17 21:28:37 info: NAME : D_IP, VALUE : 127.0.0.1
undefined | 2022-12-17 21:28:37 info: NAME : D_BROWSER, VALUE : Chrome
undefined | 2022-12-17 21:28:37 info: NAME : D_OS, VALUE : Windows NT
undefined | 2022-12-17 21:28:37 info: NAME : IS_APP, VALUE : Chrome
undefined | 2022-12-17 21:28:37 info: NAME : CENTER, VALUE :  
undefined | 2022-12-17 21:28:37 info: NAME : sessionID, VALUE : a3bK352EIr1RpcfOOL2iYqO1qcMLk2iO
undefined | 2022-12-17 21:28:37 info: during time : 117
undefined | 2022-12-17 21:28:37 info: SP_LOGIN callProcedureSync success
undefined | 2022-12-17 21:28:37 info: URL : /main
undefined | 2022-12-17 21:29:40 info: URL : /main
undefined | 2022-12-17 21:30:33 info: Create a key attempt : 0Q0-p5J-UpBIFAkkvSsRKdbaqytgWyyt
undefined | 2022-12-17 21:32:10 info: URL : /
undefined | 2022-12-17 21:32:17 info: URL : /
undefined | 2022-12-17 21:33:11 info: URL : /
undefined | 2022-12-17 21:33:11 info: Create a key attempt : USn6FYNLu2I0VmthUqJUld4glZ7amSC9
undefined | 2022-12-17 21:33:25 info: URL : /
undefined | 2022-12-17 21:33:43 info: URL : /
undefined | 2022-12-17 21:33:43 info: Create a key attempt : GL45T0dJqoxWtjPN4BUdk5z2C832xe5p
undefined | 2022-12-17 21:34:00 info: URL : /
undefined | 2022-12-17 21:34:00 info: Create a key attempt : rMyQT5auG8mLabcGpcmb9yo9mx4qR1vf
undefined | 2022-12-17 21:34:50 info: URL : /
undefined | 2022-12-17 21:35:48 info: URL : /
undefined | 2022-12-17 21:36:26 info: URL : /
undefined | 2022-12-17 21:36:45 info: URL : /api/user/signin
undefined | 2022-12-17 21:36:45 info: Create a key attempt : JzwILLLcmjxqfPFAAa04ulZQzWu4eCSo
undefined | 2022-12-17 21:36:45 info: start decryptAll..
undefined | 2022-12-17 21:36:45 info: callProcedureSync start - SP_LOGIN
undefined | 2022-12-17 21:36:45 info: NAME : D_UID, VALUE : admin
undefined | 2022-12-17 21:36:45 info: NAME : D_PASS, VALUE : 1111
undefined | 2022-12-17 21:36:45 info: NAME : D_IP, VALUE : ::1
undefined | 2022-12-17 21:36:45 info: NAME : D_BROWSER, VALUE : Chrome
undefined | 2022-12-17 21:36:45 info: NAME : D_OS, VALUE : Windows NT
undefined | 2022-12-17 21:36:45 info: NAME : IS_APP, VALUE : Chrome
undefined | 2022-12-17 21:36:45 info: NAME : CENTER, VALUE :  
undefined | 2022-12-17 21:36:45 info: NAME : sessionID, VALUE : JzwILLLcmjxqfPFAAa04ulZQzWu4eCSo
undefined | 2022-12-17 21:36:45 info: during time : 109
undefined | 2022-12-17 21:36:45 info: SP_LOGIN callProcedureSync success
undefined | 2022-12-17 21:36:45 info: URL : /main
undefined | 2022-12-17 21:37:17 info: URL : /main
undefined | 2022-12-17 21:37:20 info: URL : /main
undefined | 2022-12-17 21:47:02 info: URL : /main
undefined | 2022-12-17 21:47:02 info: Create a key attempt : SphHnq8csFvLkemReIoJ8EpGIglsXcUm
undefined | 2022-12-17 21:51:18 info: URL : /main
undefined | 2022-12-17 21:52:07 info: URL : /main
undefined | 2022-12-17 21:58:41 info: URL : /main
undefined | 2022-12-17 21:58:45 info: URL : /main
undefined | 2022-12-17 21:58:50 info: URL : /main
undefined | 2022-12-17 21:58:57 info: URL : /main
undefined | 2022-12-17 21:59:06 info: URL : /main
undefined | 2022-12-17 21:59:11 info: URL : /notice
undefined | 2022-12-17 21:59:15 info: URL : /notice
undefined | 2022-12-17 21:59:28 info: URL : /notice
undefined | 2022-12-17 22:00:36 info: URL : /notice
undefined | 2022-12-17 22:00:36 info: Create a key attempt : imsEra1y4Xv9Az8ofQn4L7qVqN_iBYEi
undefined | 2022-12-17 22:00:40 info: URL : /notice
undefined | 2022-12-17 22:00:41 info: URL : /notice
